<?xml version="1.0" encoding="UTF-8"?>
<robot generator="Robot 3.1 (Python 3.6.7 on darwin)" generated="20181230 17:04:56.752" rpa="false">
<suite id="s1" name="123" source="/Users/wangyuzhu/PycharmProjects/untitled1/class14/123.robot">
<test id="s1-t1" name="case 1">
<kw name="Log" library="BuiltIn">
<doc>Logs the given message with the given level.</doc>
<arguments>
<arg>1</arg>
</arguments>
<msg timestamp="20181230 17:04:57.298" level="INFO">1</msg>
<status status="PASS" starttime="20181230 17:04:57.298" endtime="20181230 17:04:57.298"></status>
</kw>
<status status="PASS" starttime="20181230 17:04:57.297" endtime="20181230 17:04:57.298" critical="yes"></status>
</test>
<test id="s1-t2" name="case 2">
<kw name="Log" library="BuiltIn">
<doc>Logs the given message with the given level.</doc>
<arguments>
<arg>2</arg>
</arguments>
<msg timestamp="20181230 17:04:57.300" level="INFO">2</msg>
<status status="PASS" starttime="20181230 17:04:57.299" endtime="20181230 17:04:57.300"></status>
</kw>
<status status="PASS" starttime="20181230 17:04:57.299" endtime="20181230 17:04:57.300" critical="yes"></status>
</test>
<status status="PASS" starttime="20181230 17:04:56.756" endtime="20181230 17:04:57.300"></status>
</suite>
<statistics>
<total>
<stat pass="2" fail="0">Critical Tests</stat>
<stat pass="2" fail="0">All Tests</stat>
</total>
<tag>
</tag>
<suite>
<stat pass="2" fail="0" id="s1" name="123">123</stat>
</suite>
</statistics>
<errors>
</errors>
</robot>
